c:\users\alexander lindahl.jeromes\source\repos\connect4_class\connect4_class\debug\vc141.pdb
c:\users\alexander lindahl.jeromes\source\repos\connect4_class\connect4_class\debug\vc141.idb
c:\users\alexander lindahl.jeromes\source\repos\connect4_class\connect4_class\debug\update.obj
c:\users\alexander lindahl.jeromes\source\repos\connect4_class\connect4_class\debug\print_board.obj
c:\users\alexander lindahl.jeromes\source\repos\connect4_class\connect4_class\debug\init_board.obj
c:\users\alexander lindahl.jeromes\source\repos\connect4_class\connect4_class\debug\get_move.obj
c:\users\alexander lindahl.jeromes\source\repos\connect4_class\connect4_class\debug\game_over.obj
c:\users\alexander lindahl.jeromes\source\repos\connect4_class\connect4_class\debug\check_win.obj
c:\users\alexander lindahl.jeromes\source\repos\connect4_class\connect4_class\debug\change_player.obj
c:\users\alexander lindahl.jeromes\source\repos\connect4_class\connect4_class\debug\source.obj
c:\users\alexander lindahl.jeromes\source\repos\connect4_class\connect4_class\debug\connect4.obj
c:\users\alexander lindahl.jeromes\source\repos\connect4_class\debug\connect4_class.exe
c:\users\alexander lindahl.jeromes\source\repos\connect4_class\debug\connect4_class.ilk
c:\users\alexander lindahl.jeromes\source\repos\connect4_class\debug\connect4_class.pdb
c:\users\alexander lindahl.jeromes\source\repos\connect4_class\connect4_class\debug\connect4_class.tlog\cl.command.1.tlog
c:\users\alexander lindahl.jeromes\source\repos\connect4_class\connect4_class\debug\connect4_class.tlog\cl.read.1.tlog
c:\users\alexander lindahl.jeromes\source\repos\connect4_class\connect4_class\debug\connect4_class.tlog\cl.write.1.tlog
c:\users\alexander lindahl.jeromes\source\repos\connect4_class\connect4_class\debug\connect4_class.tlog\link.command.1.tlog
c:\users\alexander lindahl.jeromes\source\repos\connect4_class\connect4_class\debug\connect4_class.tlog\link.read.1.tlog
c:\users\alexander lindahl.jeromes\source\repos\connect4_class\connect4_class\debug\connect4_class.tlog\link.write.1.tlog
